2025-11-26 21:07:01,090 - WARNING - Opción inválida introducida en menú: 
2025-11-26 21:07:03,538 - WARNING - Intento de registro con contraseña demasiado corta.
2025-11-26 21:07:03,538 - INFO - Registro fallido para : contraseña débil.
2025-11-26 21:07:15,548 - INFO - Registro pendiente: pablo@.com
2025-11-26 21:07:46,897 - INFO - Inicio de sesión correcto: pablo@.com
2025-11-26 21:15:21,508 - WARNING - Ejecución interrumpida manualmente (Ctrl+C).
2025-11-26 21:15:38,055 - INFO - Registro pendiente: alex@.com
2025-11-26 21:15:49,533 - INFO - Registro pendiente: fres@.com
2025-11-26 21:16:45,394 - INFO - Inicio de sesión correcto: pablo@.com
2025-11-26 21:16:55,808 - INFO - Firma digital generada para el usuario 1 (Algoritmo: RSA-PSS-SHA256)
2025-11-26 21:16:55,818 - INFO - Voto almacenado con cifrado híbrido para usuario 1
2025-11-26 21:17:36,299 - INFO - Inicio de sesión correcto: alex@.com
2025-11-26 21:17:40,501 - INFO - Firma digital generada para el usuario 2 (Algoritmo: RSA-PSS-SHA256)
2025-11-26 21:17:40,517 - INFO - Voto almacenado con cifrado híbrido para usuario 2
2025-11-26 21:17:54,451 - INFO - Inicio de sesión correcto: fres@.com
2025-11-26 21:18:09,505 - INFO - Firma digital generada para el usuario 3 (Algoritmo: RSA-PSS-SHA256)
2025-11-26 21:18:09,515 - INFO - Voto almacenado con cifrado híbrido para usuario 3
2025-11-26 21:18:23,435 - INFO - Inicio de sesión correcto: pablo@.com
2025-11-26 21:18:45,451 - INFO - Inicio de sesión correcto: alex@.com
2025-11-26 21:18:46,832 - ERROR - Error inesperado: no such column: u.public_key
2025-11-27 20:36:19,102 - INFO - Registro pendiente: rod@.com
2025-11-27 20:37:19,565 - INFO - Inicio de sesión correcto: rod@.com
2025-11-27 20:39:31,520 - INFO - Inicio de sesión correcto: alex@.com
2025-11-27 20:39:33,510 - ERROR - Error inesperado: no such column: u.public_key
2025-11-27 20:40:13,787 - INFO - Inicio de sesión correcto: alex@.com
2025-11-27 20:40:18,782 - ERROR - Error inesperado: no such column: u.public_key
2025-11-27 20:41:05,970 - INFO - Inicio de sesión correcto: pablo@.com
2025-11-27 20:41:22,422 - ERROR - Error inesperado: no such column: u.public_key
2025-11-27 20:42:35,066 - INFO - Inicio de sesión correcto: alex@.com
